Using pre-set license
Built from '2022.3/staging' branch; Version is '2022.3.10f1 (ff3792e53c62) revision 16725906'; Using compiler version '192829333'; Build Type 'Release'
OS: 'Windows 11  (10.0.22631) 64bit CoreCountrySpecific' Language: 'zh' Physical Memory: 15724 MB
BatchMode: 1, IsHumanControllingUs: 0, StartBugReporterOnCrash: 0, Is64bit: 1, IsPro: 1

COMMAND LINE ARGUMENTS:
D:\Program Files\Unity\Hub\Editor\2022.3.10f1\Editor\Unity.exe
-adb2
-batchMode
-noUpm
-name
AssetImportWorker2
-projectPath
D:/myUnity/arpgArtRes/ARPG
-logFile
Logs/AssetImportWorker2.log
-srvPort
6153
Successfully changed project path to: D:/myUnity/arpgArtRes/ARPG
D:/myUnity/arpgArtRes/ARPG
[UnityMemory] Configuration Parameters - Can be set up in boot.config
    "memorysetup-bucket-allocator-granularity=16"
    "memorysetup-bucket-allocator-bucket-count=8"
    "memorysetup-bucket-allocator-block-size=33554432"
    "memorysetup-bucket-allocator-block-count=8"
    "memorysetup-main-allocator-block-size=16777216"
    "memorysetup-thread-allocator-block-size=16777216"
    "memorysetup-gfx-main-allocator-block-size=16777216"
    "memorysetup-gfx-thread-allocator-block-size=16777216"
    "memorysetup-cache-allocator-block-size=4194304"
    "memorysetup-typetree-allocator-block-size=2097152"
    "memorysetup-profiler-bucket-allocator-granularity=16"
    "memorysetup-profiler-bucket-allocator-bucket-count=8"
    "memorysetup-profiler-bucket-allocator-block-size=33554432"
    "memorysetup-profiler-bucket-allocator-block-count=8"
    "memorysetup-profiler-allocator-block-size=16777216"
    "memorysetup-profiler-editor-allocator-block-size=1048576"
    "memorysetup-temp-allocator-size-main=16777216"
    "memorysetup-job-temp-allocator-block-size=2097152"
    "memorysetup-job-temp-allocator-block-size-background=1048576"
    "memorysetup-job-temp-allocator-reduction-small-platforms=262144"
    "memorysetup-allocator-temp-initial-block-size-main=262144"
    "memorysetup-allocator-temp-initial-block-size-worker=262144"
    "memorysetup-temp-allocator-size-background-worker=32768"
    "memorysetup-temp-allocator-size-job-worker=262144"
    "memorysetup-temp-allocator-size-preload-manager=33554432"
    "memorysetup-temp-allocator-size-nav-mesh-worker=65536"
    "memorysetup-temp-allocator-size-audio-worker=65536"
    "memorysetup-temp-allocator-size-cloud-worker=32768"
    "memorysetup-temp-allocator-size-gi-baking-worker=262144"
    "memorysetup-temp-allocator-size-gfx=262144"
Player connection [44408] Host "[IP] 172.26.208.1 [Port] 0 [Flags] 2 [Guid] 239957442 [EditorId] 239957442 [Version] 1048832 [Id] WindowsEditor(7,LAPTOP-9L3D2I7G) [Debug] 1 [PackageName] WindowsEditor [ProjectName] Editor" joined multi-casting on [225.0.0.222:54997]...

Player connection [44408] Host "[IP] 172.26.208.1 [Port] 0 [Flags] 2 [Guid] 239957442 [EditorId] 239957442 [Version] 1048832 [Id] WindowsEditor(7,LAPTOP-9L3D2I7G) [Debug] 1 [PackageName] WindowsEditor [ProjectName] Editor" joined alternative multi-casting on [225.0.0.222:34997]...

[Physics::Module] Initialized MultithreadedJobDispatcher with 15 workers.
Refreshing native plugins compatible for Editor in 13.82 ms, found 3 plugins.
Preloading 0 native plugins for Editor in 0.00 ms.
Initialize engine version: 2022.3.10f1 (ff3792e53c62)
[Subsystems] Discovering subsystems at path D:/Program Files/Unity/Hub/Editor/2022.3.10f1/Editor/Data/Resources/UnitySubsystems
[Subsystems] Discovering subsystems at path D:/myUnity/arpgArtRes/ARPG/Assets
GfxDevice: creating device client; threaded=0; jobified=0
Direct3D:
    Version:  Direct3D 11.0 [level 11.1]
    Renderer: NVIDIA GeForce RTX 3060 Laptop GPU (ID=0x2520)
    Vendor:   NVIDIA
    VRAM:     6009 MB
    Driver:   31.0.15.3118
Initialize mono
Mono path[0] = 'D:/Program Files/Unity/Hub/Editor/2022.3.10f1/Editor/Data/Managed'
Mono path[1] = 'D:/Program Files/Unity/Hub/Editor/2022.3.10f1/Editor/Data/MonoBleedingEdge/lib/mono/unityjit-win32'
Mono config path = 'D:/Program Files/Unity/Hub/Editor/2022.3.10f1/Editor/Data/MonoBleedingEdge/etc'
Using monoOptions --debugger-agent=transport=dt_socket,embedding=1,server=y,suspend=n,address=127.0.0.1:56804
Begin MonoManager ReloadAssembly
Registering precompiled unity dll's ...
Register platform support module: D:/Program Files/Unity/Hub/Editor/2022.3.10f1/Editor/Data/PlaybackEngines/WebGLSupport/UnityEditor.WebGL.Extensions.dll
Register platform support module: D:/Program Files/Unity/Hub/Editor/2022.3.10f1/Editor/Data/PlaybackEngines/WindowsStandaloneSupport/UnityEditor.WindowsStandalone.Extensions.dll
Registered in 0.004438 seconds.
- Loaded All Assemblies, in  0.297 seconds
Native extension for WindowsStandalone target not found
Native extension for WebGL target not found
Mono: successfully reloaded assembly
- Finished resetting the current domain, in  0.213 seconds
Domain Reload Profiling: 511ms
	BeginReloadAssembly (103ms)
		ExecutionOrderSort (0ms)
		DisableScriptedObjects (0ms)
		BackupInstance (0ms)
		ReleaseScriptingObjects (0ms)
		CreateAndSetChildDomain (1ms)
	RebuildCommonClasses (27ms)
	RebuildNativeTypeToScriptingClass (8ms)
	initialDomainReloadingComplete (45ms)
	LoadAllAssembliesAndSetupDomain (114ms)
		LoadAssemblies (102ms)
		RebuildTransferFunctionScriptingTraits (0ms)
		AnalyzeDomain (112ms)
			TypeCache.Refresh (111ms)
				TypeCache.ScanAssembly (101ms)
			ScanForSourceGeneratedMonoScriptInfo (0ms)
			ResolveRequiredComponents (0ms)
	FinalizeReload (214ms)
		ReleaseScriptCaches (0ms)
		RebuildScriptCaches (0ms)
		SetupLoadedEditorAssemblies (165ms)
			LogAssemblyErrors (0ms)
			InitializePlatformSupportModulesInManaged (7ms)
			SetLoadedEditorAssemblies (5ms)
			RefreshPlugins (0ms)
			BeforeProcessingInitializeOnLoad (2ms)
			ProcessInitializeOnLoadAttributes (110ms)
			ProcessInitializeOnLoadMethodAttributes (41ms)
			AfterProcessingInitializeOnLoad (0ms)
			EditorAssembliesLoaded (0ms)
		ExecutionOrderSort2 (0ms)
		AwakeInstancesAfterBackupRestoration (0ms)
========================================================================
Worker process is ready to serve import requests
Begin MonoManager ReloadAssembly
- Loaded All Assemblies, in  0.658 seconds
Refreshing native plugins compatible for Editor in 3.14 ms, found 3 plugins.
Native extension for WindowsStandalone target not found
Native extension for WebGL target not found
Package Manager log level set to [2]
[Package Manager] Server::EnsureServerProcessIsRunning -- launch failed, reason: Unity was launched with the -noUpm command-line argument
[Package Manager] UpmClient::Send -- Unable to send message (not connected to UPM process).
[Package Manager] Cannot connect to Unity Package Manager local server
Mono: successfully reloaded assembly
- Finished resetting the current domain, in  0.715 seconds
Domain Reload Profiling: 1373ms
	BeginReloadAssembly (145ms)
		ExecutionOrderSort (0ms)
		DisableScriptedObjects (4ms)
		BackupInstance (0ms)
		ReleaseScriptingObjects (0ms)
		CreateAndSetChildDomain (20ms)
	RebuildCommonClasses (28ms)
	RebuildNativeTypeToScriptingClass (9ms)
	initialDomainReloadingComplete (21ms)
	LoadAllAssembliesAndSetupDomain (454ms)
		LoadAssemblies (326ms)
		RebuildTransferFunctionScriptingTraits (0ms)
		AnalyzeDomain (220ms)
			TypeCache.Refresh (189ms)
				TypeCache.ScanAssembly (175ms)
			ScanForSourceGeneratedMonoScriptInfo (21ms)
			ResolveRequiredComponents (8ms)
	FinalizeReload (715ms)
		ReleaseScriptCaches (0ms)
		RebuildScriptCaches (0ms)
		SetupLoadedEditorAssemblies (579ms)
			LogAssemblyErrors (0ms)
			InitializePlatformSupportModulesInManaged (5ms)
			SetLoadedEditorAssemblies (3ms)
			RefreshPlugins (0ms)
			BeforeProcessingInitializeOnLoad (69ms)
			ProcessInitializeOnLoadAttributes (413ms)
			ProcessInitializeOnLoadMethodAttributes (87ms)
			AfterProcessingInitializeOnLoad (2ms)
			EditorAssembliesLoaded (0ms)
		ExecutionOrderSort2 (0ms)
		AwakeInstancesAfterBackupRestoration (5ms)
Launched and connected shader compiler UnityShaderCompiler.exe after 0.05 seconds
Refreshing native plugins compatible for Editor in 3.61 ms, found 3 plugins.
Preloading 0 native plugins for Editor in 0.00 ms.
Unloading 5861 Unused Serialized files (Serialized files now loaded: 0)
Unloading 105 unused Assets / (1.6 MB). Loaded Objects now: 6314.
Memory consumption went from 234.7 MB to 233.1 MB.
Total: 4.388700 ms (FindLiveObjects: 0.422400 ms CreateObjectMapping: 0.212400 ms MarkObjects: 3.309800 ms  DeleteObjects: 0.440600 ms)

AssetImportParameters requested are different than current active one (requested -> active):
  custom:container-demuxer-ogg: 62fdf1f143b41e24485cea50d1cbac27 -> 
  custom:video-decoder-ogg-theora: a1e56fd34408186e4bbccfd4996cb3dc -> 
  custom:framework-win-MediaFoundation: 216162199b28c13a410421893ffa2e32 -> 
  custom:CustomObjectIndexerAttribute: d54d2f2da18e7612c182cf67624b6b12 -> 
  custom:container-demuxer-webm: 4f35f7cbe854078d1ac9338744f61a02 -> 
  custom:container-muxer-webm: aa71ff27fc2769a1b78a27578f13a17b -> 
  custom:video-decoder-webm-vp8: 9c59270c3fd7afecdb556c50c9e8de78 -> 
  custom:SearchIndexIgnoredProperties: e643bd26f0fe6173181afceb89e7c659 -> 
  custom:AudioImporter_EditorPlatform: d09bf68614088b80899f8185d706f6e7 -> 
  custom:video-encoder-webm-vp8: eb34c28f22e8b96e1ab97ce403110664 -> 
  custom:audio-decoder-ogg-vorbis: bf7c407c2cedff20999df2af8eb42d56 -> 
  custom:audio-encoder-webm-vorbis: bf7c407c2cedff20999df2af8eb42d56 -> 
========================================================================
Received Import Request.
  Time since last request: 915773.045191 seconds.
  path: Assets/MyAssets/Grass Assets/Grass_Mesh.fbx
  artifactKey: Guid(e9e0009668934b14bb2a736e7c1b27a6) Importer(815301076,1909f56bfc062723c751e8b465ee728b)
Start importing Assets/MyAssets/Grass Assets/Grass_Mesh.fbx using Guid(e9e0009668934b14bb2a736e7c1b27a6) Importer(815301076,1909f56bfc062723c751e8b465ee728b)  -> (artifact id: '40ad887469e39b7e4cb00459ccc824eb') in 0.277901 seconds
Number of updated asset objects reloaded before import = 0
Number of asset objects unloaded after import = 9
========================================================================
Received Import Request.
  Time since last request: 22.324651 seconds.
  path: Assets/MyAssets/Grass Assets/Green_Grass_MAODS.tga
  artifactKey: Guid(2bf3cd032ef9b68439d37209997323f7) Importer(815301076,1909f56bfc062723c751e8b465ee728b)
Start importing Assets/MyAssets/Grass Assets/Green_Grass_MAODS.tga using Guid(2bf3cd032ef9b68439d37209997323f7) Importer(815301076,1909f56bfc062723c751e8b465ee728b)  -> (artifact id: 'c25978c05e957cfcfdfd332bb8feed67') in 0.019919 seconds
Number of updated asset objects reloaded before import = 0
Number of asset objects unloaded after import = 2
========================================================================
Received Import Request.
  Time since last request: 0.849515 seconds.
  path: Assets/MyAssets/Grass Assets/Green_Grass_Normal.tga
  artifactKey: Guid(db213a2adb0f5be45a2aa46266163d76) Importer(815301076,1909f56bfc062723c751e8b465ee728b)
Start importing Assets/MyAssets/Grass Assets/Green_Grass_Normal.tga using Guid(db213a2adb0f5be45a2aa46266163d76) Importer(815301076,1909f56bfc062723c751e8b465ee728b)  -> (artifact id: 'd97fe0b897c95b786bfd08069a08f142') in 0.015459 seconds
Number of updated asset objects reloaded before import = 0
Number of asset objects unloaded after import = 2
========================================================================
Received Import Request.
  Time since last request: 6.710390 seconds.
  path: Assets/MyAssets/Grass Assets/Green_Grass_Normal.tga
  artifactKey: Guid(db213a2adb0f5be45a2aa46266163d76) Importer(815301076,1909f56bfc062723c751e8b465ee728b)
Start importing Assets/MyAssets/Grass Assets/Green_Grass_Normal.tga using Guid(db213a2adb0f5be45a2aa46266163d76) Importer(815301076,1909f56bfc062723c751e8b465ee728b)  -> (artifact id: '342ef4cc25c37650c9f35a29c87e4713') in 0.018321 seconds
Number of updated asset objects reloaded before import = 0
Number of asset objects unloaded after import = 2
========================================================================
Received Import Request.
  Time since last request: 103.769738 seconds.
  path: Assets/StarterAssets/ThirdPersonController/Character/Textures/Armature_Arms_AlbedoTransparency.tif
  artifactKey: Guid(c6dc62700fa06274b9608a9fce8ed21b) Importer(815301076,1909f56bfc062723c751e8b465ee728b)
Start importing Assets/StarterAssets/ThirdPersonController/Character/Textures/Armature_Arms_AlbedoTransparency.tif using Guid(c6dc62700fa06274b9608a9fce8ed21b) Importer(815301076,1909f56bfc062723c751e8b465ee728b)  -> (artifact id: '35cb05e70fae123a4fcd9298e040b57d') in 0.028861 seconds
Number of updated asset objects reloaded before import = 0
Number of asset objects unloaded after import = 2
========================================================================
Received Import Request.
  Time since last request: 0.002718 seconds.
  path: Assets/StarterAssets/ThirdPersonController/Character/Textures/Armature_Body_AlbedoTransparency.tif
  artifactKey: Guid(28d78c5517421f047b88352f3b18e8e7) Importer(815301076,1909f56bfc062723c751e8b465ee728b)
Start importing Assets/StarterAssets/ThirdPersonController/Character/Textures/Armature_Body_AlbedoTransparency.tif using Guid(28d78c5517421f047b88352f3b18e8e7) Importer(815301076,1909f56bfc062723c751e8b465ee728b)  -> (artifact id: '5660ac87002a15eefb3eeaf9264beb53') in 0.032613 seconds
Number of updated asset objects reloaded before import = 0
Number of asset objects unloaded after import = 2
========================================================================
Received Import Request.
  Time since last request: 0.000028 seconds.
  path: Assets/StarterAssets/ThirdPersonController/Character/Textures/Armature_Body_RGB.tif
  artifactKey: Guid(a95378e0fd5828442a6ed903fb3b0bf7) Importer(815301076,1909f56bfc062723c751e8b465ee728b)
Start importing Assets/StarterAssets/ThirdPersonController/Character/Textures/Armature_Body_RGB.tif using Guid(a95378e0fd5828442a6ed903fb3b0bf7) Importer(815301076,1909f56bfc062723c751e8b465ee728b)  -> (artifact id: '9cb8829fb34a3716b1fc599f44acd78d') in 0.030766 seconds
Number of updated asset objects reloaded before import = 0
Number of asset objects unloaded after import = 2
========================================================================
Received Import Request.
  Time since last request: 0.000034 seconds.
  path: Assets/StarterAssets/ThirdPersonController/Character/Textures/Armature_Legs_RGB.tif
  artifactKey: Guid(64d6bedfd9838e14fb51c78c8e947042) Importer(815301076,1909f56bfc062723c751e8b465ee728b)
Start importing Assets/StarterAssets/ThirdPersonController/Character/Textures/Armature_Legs_RGB.tif using Guid(64d6bedfd9838e14fb51c78c8e947042) Importer(815301076,1909f56bfc062723c751e8b465ee728b)  -> (artifact id: 'dc78b244defc82d28812d104a7ea078e') in 0.023698 seconds
Number of updated asset objects reloaded before import = 0
Number of asset objects unloaded after import = 2
========================================================================
Received Import Request.
  Time since last request: 0.000022 seconds.
  path: Assets/StarterAssets/ThirdPersonController/Character/Textures/Armature_Legs_Normal.tif
  artifactKey: Guid(b2c5d9c39850da946ae135dcb57faaea) Importer(815301076,1909f56bfc062723c751e8b465ee728b)
Start importing Assets/StarterAssets/ThirdPersonController/Character/Textures/Armature_Legs_Normal.tif using Guid(b2c5d9c39850da946ae135dcb57faaea) Importer(815301076,1909f56bfc062723c751e8b465ee728b)  -> (artifact id: '3d15c9c2845fc1a3c5db058320359777') in 0.023584 seconds
Number of updated asset objects reloaded before import = 0
Number of asset objects unloaded after import = 2
========================================================================
Received Import Request.
  Time since last request: 0.000049 seconds.
  path: Assets/Blink/Art/Weapons/Stylized/Axes/BasicAxes/Textures_BasicAxes/BasicAxe2_1_Metallic.png
  artifactKey: Guid(d03116d1cfb087946b2773de4b5d81f9) Importer(815301076,1909f56bfc062723c751e8b465ee728b)
Start importing Assets/Blink/Art/Weapons/Stylized/Axes/BasicAxes/Textures_BasicAxes/BasicAxe2_1_Metallic.png using Guid(d03116d1cfb087946b2773de4b5d81f9) Importer(815301076,1909f56bfc062723c751e8b465ee728b)  -> (artifact id: 'ffd3a33a82b3731b3ff3fcbbab687c03') in 0.018869 seconds
Number of updated asset objects reloaded before import = 0
Number of asset objects unloaded after import = 2
========================================================================
Received Import Request.
  Time since last request: 0.000024 seconds.
  path: Assets/Blink/Art/Weapons/Stylized/Axes/BasicAxes/Textures_BasicAxes/BasicAxe2_1_AO.png
  artifactKey: Guid(e5b4d529252399c43a6290d0fd53438a) Importer(815301076,1909f56bfc062723c751e8b465ee728b)
Start importing Assets/Blink/Art/Weapons/Stylized/Axes/BasicAxes/Textures_BasicAxes/BasicAxe2_1_AO.png using Guid(e5b4d529252399c43a6290d0fd53438a) Importer(815301076,1909f56bfc062723c751e8b465ee728b)  -> (artifact id: 'e9f3c1935596d6212f88edcd9a6e18af') in 0.019526 seconds
Number of updated asset objects reloaded before import = 0
Number of asset objects unloaded after import = 2
========================================================================
Received Import Request.
  Time since last request: 0.000020 seconds.
  path: Assets/Blink/Art/Weapons/Stylized/Daggers/Textures_Daggers/Dagger1_3_5_BaseColor.png
  artifactKey: Guid(478fc2a415111914a8dc27ac07d9b6ef) Importer(815301076,1909f56bfc062723c751e8b465ee728b)
Start importing Assets/Blink/Art/Weapons/Stylized/Daggers/Textures_Daggers/Dagger1_3_5_BaseColor.png using Guid(478fc2a415111914a8dc27ac07d9b6ef) Importer(815301076,1909f56bfc062723c751e8b465ee728b)  -> (artifact id: '0158252897d58207bd43b2f9ea070334') in 0.018424 seconds
Number of updated asset objects reloaded before import = 0
Number of asset objects unloaded after import = 2
========================================================================
Received Import Request.
  Time since last request: 0.000022 seconds.
  path: Assets/ExampleAssets/Textures/Props/Construction_Light/ConstructionLight_MetallicOcculusionSmoothness.tif
  artifactKey: Guid(9a81f1a59f171804e84fce76584bdcb7) Importer(815301076,1909f56bfc062723c751e8b465ee728b)
Start importing Assets/ExampleAssets/Textures/Props/Construction_Light/ConstructionLight_MetallicOcculusionSmoothness.tif using Guid(9a81f1a59f171804e84fce76584bdcb7) Importer(815301076,1909f56bfc062723c751e8b465ee728b)  -> (artifact id: '028173f6e16e872f999f9880b955a505') in 0.017358 seconds
Number of updated asset objects reloaded before import = 0
Number of asset objects unloaded after import = 2
========================================================================
Received Import Request.
  Time since last request: 0.000021 seconds.
  path: Assets/Blink/Art/Weapons/Stylized/Axes/BasicAxes/Textures_BasicAxes/BasicAxe1_2_BaseColor.png
  artifactKey: Guid(4cb7f78a867c6984a93a6a77514853db) Importer(815301076,1909f56bfc062723c751e8b465ee728b)
Start importing Assets/Blink/Art/Weapons/Stylized/Axes/BasicAxes/Textures_BasicAxes/BasicAxe1_2_BaseColor.png using Guid(4cb7f78a867c6984a93a6a77514853db) Importer(815301076,1909f56bfc062723c751e8b465ee728b)  -> (artifact id: 'e68f2f3cf0a5772245a026f7f5b431eb') in 0.020244 seconds
Number of updated asset objects reloaded before import = 0
Number of asset objects unloaded after import = 2
========================================================================
Received Import Request.
  Time since last request: 0.000029 seconds.
  path: Assets/GameAssets/Evil Spirit Katana/Resources/Particles/Dust.tga
  artifactKey: Guid(e64c54aed4a97484bb25fee32c00be41) Importer(815301076,1909f56bfc062723c751e8b465ee728b)
Start importing Assets/GameAssets/Evil Spirit Katana/Resources/Particles/Dust.tga using Guid(e64c54aed4a97484bb25fee32c00be41) Importer(815301076,1909f56bfc062723c751e8b465ee728b)  -> (artifact id: '7ebb78b5e41450492ed33b7a2ec8a612') in 0.023899 seconds
Number of updated asset objects reloaded before import = 0
Number of asset objects unloaded after import = 2
========================================================================
Received Import Request.
  Time since last request: 0.000019 seconds.
  path: Assets/Sword Two-Hander/Texturies/Emission_Blue.png
  artifactKey: Guid(0521bb53d22184640bd6f0f7de7a7395) Importer(815301076,1909f56bfc062723c751e8b465ee728b)
Start importing Assets/Sword Two-Hander/Texturies/Emission_Blue.png using Guid(0521bb53d22184640bd6f0f7de7a7395) Importer(815301076,1909f56bfc062723c751e8b465ee728b)  -> (artifact id: '84671bf78a80a33b91dab606a1b03fd1') in 0.020797 seconds
Number of updated asset objects reloaded before import = 0
Number of asset objects unloaded after import = 2
========================================================================
Received Import Request.
  Time since last request: 0.000020 seconds.
  path: Assets/Blink/Art/Weapons/Stylized/Axes/EvolvingAxes/Textures_EvolvingAxes/EvolvingAxe3_3_2_BaseColor.png
  artifactKey: Guid(06e177196dfd1564caa832b27e8e199e) Importer(815301076,1909f56bfc062723c751e8b465ee728b)
Start importing Assets/Blink/Art/Weapons/Stylized/Axes/EvolvingAxes/Textures_EvolvingAxes/EvolvingAxe3_3_2_BaseColor.png using Guid(06e177196dfd1564caa832b27e8e199e) Importer(815301076,1909f56bfc062723c751e8b465ee728b)  -> (artifact id: '6d4355a3c5565f347281efae6478c07d') in 0.020929 seconds
Number of updated asset objects reloaded before import = 0
Number of asset objects unloaded after import = 2
========================================================================
Received Import Request.
  Time since last request: 0.000029 seconds.
  path: Assets/StarterAssets/Environment/Art/Textures/Grid_01_BaseMap.png
  artifactKey: Guid(d1118dda59970a2449ee890fa247c4c5) Importer(815301076,1909f56bfc062723c751e8b465ee728b)
Start importing Assets/StarterAssets/Environment/Art/Textures/Grid_01_BaseMap.png using Guid(d1118dda59970a2449ee890fa247c4c5) Importer(815301076,1909f56bfc062723c751e8b465ee728b)  -> (artifact id: '13f85f522323801c35f20aaa8ee4d0ba') in 0.023835 seconds
Number of updated asset objects reloaded before import = 0
Number of asset objects unloaded after import = 2
========================================================================
Received Import Request.
  Time since last request: 0.000066 seconds.
  path: Assets/Blink/Art/Weapons/Stylized/Axes/BasicAxes/Textures_BasicAxes/BasicAxe2_1_Normal.png
  artifactKey: Guid(925411d95a9f1e347b765734be8360df) Importer(815301076,1909f56bfc062723c751e8b465ee728b)
Start importing Assets/Blink/Art/Weapons/Stylized/Axes/BasicAxes/Textures_BasicAxes/BasicAxe2_1_Normal.png using Guid(925411d95a9f1e347b765734be8360df) Importer(815301076,1909f56bfc062723c751e8b465ee728b)  -> (artifact id: 'ac5023bed7202a424742e8d41586b243') in 0.035246 seconds
Number of updated asset objects reloaded before import = 0
Number of asset objects unloaded after import = 2
========================================================================
Received Import Request.
  Time since last request: 0.000031 seconds.
  path: Assets/Sword Two-Hander/Texturies/Emission_Yellow.png
  artifactKey: Guid(b7177573c604bab429ebbb5d2bb31eeb) Importer(815301076,1909f56bfc062723c751e8b465ee728b)
Start importing Assets/Sword Two-Hander/Texturies/Emission_Yellow.png using Guid(b7177573c604bab429ebbb5d2bb31eeb) Importer(815301076,1909f56bfc062723c751e8b465ee728b)  -> (artifact id: '0649cddda9362c61e80809be4ec526ef') in 0.022590 seconds
Number of updated asset objects reloaded before import = 0
Number of asset objects unloaded after import = 2
========================================================================
Received Import Request.
  Time since last request: 0.000026 seconds.
  path: Assets/Blink/Art/Weapons/Stylized/Axes/BasicAxes/Textures_BasicAxes/BasicAxe2_1_BaseColor.png
  artifactKey: Guid(aa07b3d5454acd1498182fe72f15656a) Importer(815301076,1909f56bfc062723c751e8b465ee728b)
Start importing Assets/Blink/Art/Weapons/Stylized/Axes/BasicAxes/Textures_BasicAxes/BasicAxe2_1_BaseColor.png using Guid(aa07b3d5454acd1498182fe72f15656a) Importer(815301076,1909f56bfc062723c751e8b465ee728b)  -> (artifact id: '364865192be6956b06b445d096843dc8') in 0.023340 seconds
Number of updated asset objects reloaded before import = 0
Number of asset objects unloaded after import = 2
========================================================================
Received Import Request.
  Time since last request: 0.000040 seconds.
  path: Assets/Blink/Art/Weapons/Stylized/Axes/EvolvingAxes/Textures_EvolvingAxes/EvolvingAxe3_3_2_AO.png
  artifactKey: Guid(5269132713be79e469fda2f5058f1451) Importer(815301076,1909f56bfc062723c751e8b465ee728b)
Start importing Assets/Blink/Art/Weapons/Stylized/Axes/EvolvingAxes/Textures_EvolvingAxes/EvolvingAxe3_3_2_AO.png using Guid(5269132713be79e469fda2f5058f1451) Importer(815301076,1909f56bfc062723c751e8b465ee728b)  -> (artifact id: '362e3470d76334e6eaacc77250515a47') in 0.020924 seconds
Number of updated asset objects reloaded before import = 0
Number of asset objects unloaded after import = 2
========================================================================
Received Import Request.
  Time since last request: 0.000022 seconds.
  path: Assets/Blink/Art/Weapons/Stylized/Axes/EvolvingAxes/Textures_EvolvingAxes/EvolvingAxe3_3_2_Metallic.png
  artifactKey: Guid(2a49d509460c4f0469305a7e4f96e4d2) Importer(815301076,1909f56bfc062723c751e8b465ee728b)
Start importing Assets/Blink/Art/Weapons/Stylized/Axes/EvolvingAxes/Textures_EvolvingAxes/EvolvingAxe3_3_2_Metallic.png using Guid(2a49d509460c4f0469305a7e4f96e4d2) Importer(815301076,1909f56bfc062723c751e8b465ee728b)  -> (artifact id: 'ddfe031686401da8cb1e9acee4d5e3c2') in 0.021032 seconds
Number of updated asset objects reloaded before import = 0
Number of asset objects unloaded after import = 2
========================================================================
Received Import Request.
  Time since last request: 0.000021 seconds.
  path: Assets/StarterAssets/Environment/Art/Textures/Grid_01_Normal.png
  artifactKey: Guid(c5c221ed57a3bf6488f8eba0db28a004) Importer(815301076,1909f56bfc062723c751e8b465ee728b)
Start importing Assets/StarterAssets/Environment/Art/Textures/Grid_01_Normal.png using Guid(c5c221ed57a3bf6488f8eba0db28a004) Importer(815301076,1909f56bfc062723c751e8b465ee728b)  -> (artifact id: '7266e7e63b0e7eaafb2ad80702635192') in 0.021438 seconds
Number of updated asset objects reloaded before import = 0
Number of asset objects unloaded after import = 2
========================================================================
Received Import Request.
  Time since last request: 0.000024 seconds.
  path: Assets/Blink/Art/Weapons/Stylized/Daggers/Textures_Daggers/Dagger4_1_3_BaseColor.png
  artifactKey: Guid(a59bf3bf4f0b5b24bad1c205a4ad192c) Importer(815301076,1909f56bfc062723c751e8b465ee728b)
Start importing Assets/Blink/Art/Weapons/Stylized/Daggers/Textures_Daggers/Dagger4_1_3_BaseColor.png using Guid(a59bf3bf4f0b5b24bad1c205a4ad192c) Importer(815301076,1909f56bfc062723c751e8b465ee728b)  -> (artifact id: '95a367dbdcfb08acdb6396923a6629f0') in 0.024859 seconds
Number of updated asset objects reloaded before import = 0
Number of asset objects unloaded after import = 2
========================================================================
Received Import Request.
  Time since last request: 0.000033 seconds.
  path: Assets/Blink/Art/Weapons/Stylized/Axes/BasicAxes/Textures_BasicAxes/BasicAxe1_2_Metallic.png
  artifactKey: Guid(0ebc2fae71c419c4e82bb795784bb552) Importer(815301076,1909f56bfc062723c751e8b465ee728b)
Start importing Assets/Blink/Art/Weapons/Stylized/Axes/BasicAxes/Textures_BasicAxes/BasicAxe1_2_Metallic.png using Guid(0ebc2fae71c419c4e82bb795784bb552) Importer(815301076,1909f56bfc062723c751e8b465ee728b)  -> (artifact id: '1e446640c7227c23f4450ffa5f80af0e') in 0.023179 seconds
Number of updated asset objects reloaded before import = 0
Number of asset objects unloaded after import = 2
========================================================================
Received Import Request.
  Time since last request: 0.000029 seconds.
  path: Assets/StarterAssets/ThirdPersonController/Character/Textures/Armature_Body_Normal.tif
  artifactKey: Guid(2a3daea46c599324e873f935ab08000a) Importer(815301076,1909f56bfc062723c751e8b465ee728b)
Start importing Assets/StarterAssets/ThirdPersonController/Character/Textures/Armature_Body_Normal.tif using Guid(2a3daea46c599324e873f935ab08000a) Importer(815301076,1909f56bfc062723c751e8b465ee728b)  -> (artifact id: '0d5d7d5108836980140b096ef486b51d') in 0.024904 seconds
Number of updated asset objects reloaded before import = 0
Number of asset objects unloaded after import = 2
========================================================================
Received Import Request.
  Time since last request: 0.000025 seconds.
  path: Assets/ExampleAssets/Textures/Drywall/Drywall_Albedo.tif
  artifactKey: Guid(eae496078d11426448124eaf8b285e6b) Importer(815301076,1909f56bfc062723c751e8b465ee728b)
Start importing Assets/ExampleAssets/Textures/Drywall/Drywall_Albedo.tif using Guid(eae496078d11426448124eaf8b285e6b) Importer(815301076,1909f56bfc062723c751e8b465ee728b)  -> (artifact id: 'a869e9b97eb02b2467e0b73267c2b17c') in 0.020567 seconds
Number of updated asset objects reloaded before import = 0
Number of asset objects unloaded after import = 2
========================================================================
Received Import Request.
  Time since last request: 0.000045 seconds.
  path: Assets/Blink/Art/Weapons/Stylized/Daggers/Textures_Daggers/Dagger1_3_Normal.png
  artifactKey: Guid(11191338b00158e43b31278765fd5282) Importer(815301076,1909f56bfc062723c751e8b465ee728b)
Start importing Assets/Blink/Art/Weapons/Stylized/Daggers/Textures_Daggers/Dagger1_3_Normal.png using Guid(11191338b00158e43b31278765fd5282) Importer(815301076,1909f56bfc062723c751e8b465ee728b)  -> (artifact id: 'b2ec51f1546dd89004d75c3997a8fd13') in 0.028389 seconds
Number of updated asset objects reloaded before import = 0
Number of asset objects unloaded after import = 2
========================================================================
Received Import Request.
  Time since last request: 0.000041 seconds.
  path: Assets/Blink/Art/Weapons/Stylized/Axes/EvolvingAxes/Textures_EvolvingAxes/EvolvingAxe3_3_2_Emissive.png
  artifactKey: Guid(15a4dfd351f3f73459ab7403287bdd31) Importer(815301076,1909f56bfc062723c751e8b465ee728b)
Start importing Assets/Blink/Art/Weapons/Stylized/Axes/EvolvingAxes/Textures_EvolvingAxes/EvolvingAxe3_3_2_Emissive.png using Guid(15a4dfd351f3f73459ab7403287bdd31) Importer(815301076,1909f56bfc062723c751e8b465ee728b)  -> (artifact id: '9d4b5f25144292071d35d787750ea275') in 0.020654 seconds
Number of updated asset objects reloaded before import = 0
Number of asset objects unloaded after import = 2
========================================================================
Received Import Request.
  Time since last request: 0.576937 seconds.
  path: Assets/StarterAssets/Environment/Art/Textures/Grid_02_BaseMap.png
  artifactKey: Guid(d9c0dd5cdac07b145be73329e489869a) Importer(815301076,1909f56bfc062723c751e8b465ee728b)
Start importing Assets/StarterAssets/Environment/Art/Textures/Grid_02_BaseMap.png using Guid(d9c0dd5cdac07b145be73329e489869a) Importer(815301076,1909f56bfc062723c751e8b465ee728b)  -> (artifact id: 'be9cc4db8229abdb82156d83af7d952f') in 0.016229 seconds
Number of updated asset objects reloaded before import = 0
Number of asset objects unloaded after import = 2
========================================================================
Received Import Request.
  Time since last request: 0.000021 seconds.
  path: Assets/ExampleAssets/Textures/Concrete/Ground_MetallicOcculusionSmoothness.tif
  artifactKey: Guid(a8d38587573a5f34c91c4ae0fbd8bfef) Importer(815301076,1909f56bfc062723c751e8b465ee728b)
Start importing Assets/ExampleAssets/Textures/Concrete/Ground_MetallicOcculusionSmoothness.tif using Guid(a8d38587573a5f34c91c4ae0fbd8bfef) Importer(815301076,1909f56bfc062723c751e8b465ee728b)  -> (artifact id: 'c6e72bf6cec5ef4e19fba13428637041') in 0.015419 seconds
Number of updated asset objects reloaded before import = 0
Number of asset objects unloaded after import = 2
========================================================================
Received Import Request.
  Time since last request: 0.000019 seconds.
  path: Assets/GameAssets/Sci_Fi_Character_09/Textures/Hair/Hair_01_Ao.tga
  artifactKey: Guid(1eeda0d1798acf6499e78fa4c342edd6) Importer(815301076,1909f56bfc062723c751e8b465ee728b)
Start importing Assets/GameAssets/Sci_Fi_Character_09/Textures/Hair/Hair_01_Ao.tga using Guid(1eeda0d1798acf6499e78fa4c342edd6) Importer(815301076,1909f56bfc062723c751e8b465ee728b)  -> (artifact id: '99e7a6dea9baeeac2440a1a0aa1e796e') in 0.020225 seconds
Number of updated asset objects reloaded before import = 0
Number of asset objects unloaded after import = 2
========================================================================
Received Import Request.
  Time since last request: 0.000019 seconds.
  path: Assets/ExampleAssets/Textures/Concrete/Ground_Normal.tif
  artifactKey: Guid(fab85e0cacda9644a99e5182a86b71f5) Importer(815301076,1909f56bfc062723c751e8b465ee728b)
Start importing Assets/ExampleAssets/Textures/Concrete/Ground_Normal.tif using Guid(fab85e0cacda9644a99e5182a86b71f5) Importer(815301076,1909f56bfc062723c751e8b465ee728b)  -> (artifact id: '0e46e3d893a2551f9ee1ef562c4ed087') in 0.020018 seconds
Number of updated asset objects reloaded before import = 0
Number of asset objects unloaded after import = 2
========================================================================
Received Import Request.
  Time since last request: 0.000030 seconds.
  path: Assets/GameAssets/Sci_Fi_Character_09/Textures/Hair/Hair_01_Alpha.tga
  artifactKey: Guid(16190fd058204a9478b25507996e7004) Importer(815301076,1909f56bfc062723c751e8b465ee728b)
Start importing Assets/GameAssets/Sci_Fi_Character_09/Textures/Hair/Hair_01_Alpha.tga using Guid(16190fd058204a9478b25507996e7004) Importer(815301076,1909f56bfc062723c751e8b465ee728b)  -> (artifact id: 'cf37ff9fe5771e241c3b88bcbfdaf1bf') in 0.022746 seconds
Number of updated asset objects reloaded before import = 0
Number of asset objects unloaded after import = 2
========================================================================
Received Import Request.
  Time since last request: 8.112419 seconds.
  path: Assets/ExampleAssets/Textures/Props/Jigsaw/Jigsaw_Albedo.tif
  artifactKey: Guid(b3f247b26e080ca468f1daa963c192ee) Importer(815301076,1909f56bfc062723c751e8b465ee728b)
Start importing Assets/ExampleAssets/Textures/Props/Jigsaw/Jigsaw_Albedo.tif using Guid(b3f247b26e080ca468f1daa963c192ee) Importer(815301076,1909f56bfc062723c751e8b465ee728b)  -> (artifact id: 'f93cd833d8ceb0182a04147f5a5f79dc') in 0.014054 seconds
Number of updated asset objects reloaded before import = 0
Number of asset objects unloaded after import = 2
========================================================================
Received Import Request.
  Time since last request: 0.000022 seconds.
  path: Assets/GameAssets/Evil Spirit Katana/HDRP Textures/Katana_M(R)AO(G)D(B)S(A).tga
  artifactKey: Guid(67c38958c3ba54b4d80b49aa8b451c65) Importer(815301076,1909f56bfc062723c751e8b465ee728b)
Start importing Assets/GameAssets/Evil Spirit Katana/HDRP Textures/Katana_M(R)AO(G)D(B)S(A).tga using Guid(67c38958c3ba54b4d80b49aa8b451c65) Importer(815301076,1909f56bfc062723c751e8b465ee728b)  -> (artifact id: '82c67a9553fc325db69b5f01c051ada6') in 0.044418 seconds
Number of updated asset objects reloaded before import = 0
Number of asset objects unloaded after import = 2
========================================================================
Received Import Request.
  Time since last request: 0.000020 seconds.
  path: Assets/GameAssets/Import/Thermal_Katana/textures/material_metallicRoughness_1_occlusion.png
  artifactKey: Guid(2d038e88cbbee4241afb7d8fda906be6) Importer(815301076,1909f56bfc062723c751e8b465ee728b)
Start importing Assets/GameAssets/Import/Thermal_Katana/textures/material_metallicRoughness_1_occlusion.png using Guid(2d038e88cbbee4241afb7d8fda906be6) Importer(815301076,1909f56bfc062723c751e8b465ee728b)  -> (artifact id: '47babcdec8e772e56bb5b2f8014c7987') in 0.019275 seconds
Number of updated asset objects reloaded before import = 0
Number of asset objects unloaded after import = 2
========================================================================
Received Import Request.
  Time since last request: 0.000019 seconds.
  path: Assets/ExampleAssets/Textures/Props/Paint/Paint5G_AlbedoSmoothness.tif
  artifactKey: Guid(5d25a5cd577a4c54e94fdf9cc6f1a631) Importer(815301076,1909f56bfc062723c751e8b465ee728b)
Start importing Assets/ExampleAssets/Textures/Props/Paint/Paint5G_AlbedoSmoothness.tif using Guid(5d25a5cd577a4c54e94fdf9cc6f1a631) Importer(815301076,1909f56bfc062723c751e8b465ee728b)  -> (artifact id: '4418523fb4a5d086b1b22815f0d1c9f0') in 0.016715 seconds
Number of updated asset objects reloaded before import = 0
Number of asset objects unloaded after import = 2
========================================================================
Received Import Request.
  Time since last request: 0.000024 seconds.
  path: Assets/ExampleAssets/Textures/Props/Paint/Paint1G_MetallicOcculusionRoughness.tif
  artifactKey: Guid(ca084ebab0cef7c4ba746cdb442f9c1e) Importer(815301076,1909f56bfc062723c751e8b465ee728b)
Start importing Assets/ExampleAssets/Textures/Props/Paint/Paint1G_MetallicOcculusionRoughness.tif using Guid(ca084ebab0cef7c4ba746cdb442f9c1e) Importer(815301076,1909f56bfc062723c751e8b465ee728b)  -> (artifact id: '01341aa087322b5061e97c82d21c4407') in 0.014644 seconds
Number of updated asset objects reloaded before import = 0
Number of asset objects unloaded after import = 2
========================================================================
Received Import Request.
  Time since last request: 0.000022 seconds.
  path: Assets/StarterAssets/TutorialInfo/Icons/ReadMeImg.PNG
  artifactKey: Guid(44a17a5b205fcd349a24700e6f5615bd) Importer(815301076,1909f56bfc062723c751e8b465ee728b)
Start importing Assets/StarterAssets/TutorialInfo/Icons/ReadMeImg.PNG using Guid(44a17a5b205fcd349a24700e6f5615bd) Importer(815301076,1909f56bfc062723c751e8b465ee728b)  -> (artifact id: 'aeddcc459d2fc644d30e9ce1496c12cd') in 0.016710 seconds
Number of updated asset objects reloaded before import = 0
Number of asset objects unloaded after import = 2
========================================================================
Received Import Request.
  Time since last request: 0.000023 seconds.
  path: Assets/GameAssets/Import/Thermal_Katana/textures/material_1_metallicRoughness_5_occlusion.png
  artifactKey: Guid(e025cedb2d190a045a83f190d3a97f72) Importer(815301076,1909f56bfc062723c751e8b465ee728b)
Start importing Assets/GameAssets/Import/Thermal_Katana/textures/material_1_metallicRoughness_5_occlusion.png using Guid(e025cedb2d190a045a83f190d3a97f72) Importer(815301076,1909f56bfc062723c751e8b465ee728b)  -> (artifact id: '2ce72cb29726987def1060f5e002de9f') in 0.011370 seconds
Number of updated asset objects reloaded before import = 0
Number of asset objects unloaded after import = 2
========================================================================
Received Import Request.
  Time since last request: 0.000032 seconds.
  path: Assets/ExampleAssets/Textures/Plastic/PlasticRidges_Normal.tif
  artifactKey: Guid(c021d051fa0cba84282b4a2577aa85c5) Importer(815301076,1909f56bfc062723c751e8b465ee728b)
Start importing Assets/ExampleAssets/Textures/Plastic/PlasticRidges_Normal.tif using Guid(c021d051fa0cba84282b4a2577aa85c5) Importer(815301076,1909f56bfc062723c751e8b465ee728b)  -> (artifact id: '466e43da11685437d53774002bc2527c') in 0.017982 seconds
Number of updated asset objects reloaded before import = 0
Number of asset objects unloaded after import = 2
Editor requested this worker to shutdown with reason: Scaling down because of idle timeout
TcpMessagingSession - receive error: operation aborted. errorcode: 995, details: 由于线程退出或应用程序请求，已中止 I/O 操作。
AssetImportWorker is now disconnected from the server
Process exiting
Exiting without the bug reporter. Application will terminate with return code 0